INFO - 2024-04-02 02:41:50 --> Session: Class initialized using 'CodeIgniter\Session\Handlers\FileHandler' driver.
INFO - 2024-04-02 02:42:36 --> Session: Class initialized using 'CodeIgniter\Session\Handlers\FileHandler' driver.
INFO - 2024-04-02 02:42:37 --> Session: Class initialized using 'CodeIgniter\Session\Handlers\FileHandler' driver.
INFO - 2024-04-02 02:42:54 --> Session: Class initialized using 'CodeIgniter\Session\Handlers\FileHandler' driver.
INFO - 2024-04-02 02:43:28 --> Session: Class initialized using 'CodeIgniter\Session\Handlers\FileHandler' driver.
INFO - 2024-04-02 02:43:28 --> Session: Class initialized using 'CodeIgniter\Session\Handlers\FileHandler' driver.
INFO - 2024-04-02 02:43:32 --> Session: Class initialized using 'CodeIgniter\Session\Handlers\FileHandler' driver.
CRITICAL - 2024-04-02 02:43:32 --> Undefined array key "file_berita_acara"
in APPPATH\Views\dosen\v_data_berkas.php on line 34.
 1 APPPATH\Views\dosen\v_data_berkas.php(34): CodeIgniter\Debug\Exceptions->errorHandler(2, 'Undefined array key "file_berita_acara"', 'C:\\xampp\\htdocs\\graduate-ci4\\app\\Views\\dosen\\v_data_berkas.php', 34)
 2 SYSTEMPATH\View\View.php(213): include('C:\\xampp\\htdocs\\graduate-ci4\\app\\Views\\dosen\\v_data_berkas.php')
 3 SYSTEMPATH\View\View.php(216): CodeIgniter\View\View->CodeIgniter\View\{closure}()
 4 SYSTEMPATH\Common.php(1184): CodeIgniter\View\View->render('dosen/v_data_berkas', [], true)
 5 APPPATH\Views\v_template_dosen.php(155): view('dosen/v_data_berkas')
 6 SYSTEMPATH\View\View.php(213): include('C:\\xampp\\htdocs\\graduate-ci4\\app\\Views\\v_template_dosen.php')
 7 SYSTEMPATH\View\View.php(216): CodeIgniter\View\View->CodeIgniter\View\{closure}()
 8 SYSTEMPATH\Common.php(1184): CodeIgniter\View\View->render('v_template_dosen', [], true)
 9 APPPATH\Controllers\DashboardDosen.php(44): view('v_template_dosen', [...])
10 SYSTEMPATH\CodeIgniter.php(934): App\Controllers\DashboardDosen->berkas()
11 SYSTEMPATH\CodeIgniter.php(499): CodeIgniter\CodeIgniter->runController(Object(App\Controllers\DashboardDosen))
12 SYSTEMPATH\CodeIgniter.php(368): CodeIgniter\CodeIgniter->handleRequest(null, Object(Config\Cache), false)
13 FCPATH\index.php(67): CodeIgniter\CodeIgniter->run()
INFO - 2024-04-02 02:43:34 --> Session: Class initialized using 'CodeIgniter\Session\Handlers\FileHandler' driver.
INFO - 2024-04-02 02:43:37 --> Session: Class initialized using 'CodeIgniter\Session\Handlers\FileHandler' driver.
CRITICAL - 2024-04-02 02:43:37 --> Undefined array key "file_berita_acara"
in APPPATH\Views\dosen\v_data_berkas.php on line 34.
 1 APPPATH\Views\dosen\v_data_berkas.php(34): CodeIgniter\Debug\Exceptions->errorHandler(2, 'Undefined array key "file_berita_acara"', 'C:\\xampp\\htdocs\\graduate-ci4\\app\\Views\\dosen\\v_data_berkas.php', 34)
 2 SYSTEMPATH\View\View.php(213): include('C:\\xampp\\htdocs\\graduate-ci4\\app\\Views\\dosen\\v_data_berkas.php')
 3 SYSTEMPATH\View\View.php(216): CodeIgniter\View\View->CodeIgniter\View\{closure}()
 4 SYSTEMPATH\Common.php(1184): CodeIgniter\View\View->render('dosen/v_data_berkas', [], true)
 5 APPPATH\Views\v_template_dosen.php(155): view('dosen/v_data_berkas')
 6 SYSTEMPATH\View\View.php(213): include('C:\\xampp\\htdocs\\graduate-ci4\\app\\Views\\v_template_dosen.php')
 7 SYSTEMPATH\View\View.php(216): CodeIgniter\View\View->CodeIgniter\View\{closure}()
 8 SYSTEMPATH\Common.php(1184): CodeIgniter\View\View->render('v_template_dosen', [], true)
 9 APPPATH\Controllers\DashboardDosen.php(44): view('v_template_dosen', [...])
10 SYSTEMPATH\CodeIgniter.php(934): App\Controllers\DashboardDosen->berkas()
11 SYSTEMPATH\CodeIgniter.php(499): CodeIgniter\CodeIgniter->runController(Object(App\Controllers\DashboardDosen))
12 SYSTEMPATH\CodeIgniter.php(368): CodeIgniter\CodeIgniter->handleRequest(null, Object(Config\Cache), false)
13 FCPATH\index.php(67): CodeIgniter\CodeIgniter->run()
INFO - 2024-04-02 02:43:39 --> Session: Class initialized using 'CodeIgniter\Session\Handlers\FileHandler' driver.
INFO - 2024-04-02 02:43:41 --> Session: Class initialized using 'CodeIgniter\Session\Handlers\FileHandler' driver.
INFO - 2024-04-02 02:43:44 --> Session: Class initialized using 'CodeIgniter\Session\Handlers\FileHandler' driver.
INFO - 2024-04-02 02:43:45 --> Session: Class initialized using 'CodeIgniter\Session\Handlers\FileHandler' driver.
INFO - 2024-04-02 02:43:46 --> Session: Class initialized using 'CodeIgniter\Session\Handlers\FileHandler' driver.
INFO - 2024-04-02 02:43:48 --> Session: Class initialized using 'CodeIgniter\Session\Handlers\FileHandler' driver.
INFO - 2024-04-02 02:43:50 --> Session: Class initialized using 'CodeIgniter\Session\Handlers\FileHandler' driver.
INFO - 2024-04-02 02:43:55 --> Session: Class initialized using 'CodeIgniter\Session\Handlers\FileHandler' driver.
INFO - 2024-04-02 02:43:55 --> Session: Class initialized using 'CodeIgniter\Session\Handlers\FileHandler' driver.
INFO - 2024-04-02 02:44:23 --> Session: Class initialized using 'CodeIgniter\Session\Handlers\FileHandler' driver.
INFO - 2024-04-02 02:44:23 --> Session: Class initialized using 'CodeIgniter\Session\Handlers\FileHandler' driver.
INFO - 2024-04-02 02:44:31 --> Session: Class initialized using 'CodeIgniter\Session\Handlers\FileHandler' driver.
INFO - 2024-04-02 02:44:36 --> Session: Class initialized using 'CodeIgniter\Session\Handlers\FileHandler' driver.
INFO - 2024-04-02 02:44:48 --> Session: Class initialized using 'CodeIgniter\Session\Handlers\FileHandler' driver.
INFO - 2024-04-02 02:45:07 --> Session: Class initialized using 'CodeIgniter\Session\Handlers\FileHandler' driver.
INFO - 2024-04-02 02:45:37 --> Session: Class initialized using 'CodeIgniter\Session\Handlers\FileHandler' driver.
CRITICAL - 2024-04-02 02:45:37 --> Undefined array key "id_tendik"
in APPPATH\Views\staf\v_tendik.php on line 43.
 1 APPPATH\Views\staf\v_tendik.php(43): CodeIgniter\Debug\Exceptions->errorHandler(2, 'Undefined array key "id_tendik"', 'C:\\xampp\\htdocs\\graduate-ci4\\app\\Views\\staf\\v_tendik.php', 43)
 2 SYSTEMPATH\View\View.php(213): include('C:\\xampp\\htdocs\\graduate-ci4\\app\\Views\\staf\\v_tendik.php')
 3 SYSTEMPATH\View\View.php(216): CodeIgniter\View\View->CodeIgniter\View\{closure}()
 4 SYSTEMPATH\Common.php(1184): CodeIgniter\View\View->render('staf/v_tendik', [], true)
 5 APPPATH\Views\v_template_staf.php(247): view('staf/v_tendik')
 6 SYSTEMPATH\View\View.php(213): include('C:\\xampp\\htdocs\\graduate-ci4\\app\\Views\\v_template_staf.php')
 7 SYSTEMPATH\View\View.php(216): CodeIgniter\View\View->CodeIgniter\View\{closure}()
 8 SYSTEMPATH\Common.php(1184): CodeIgniter\View\View->render('v_template_staf', [], true)
 9 APPPATH\Controllers\Tendik.php(24): view('v_template_staf', [...])
10 SYSTEMPATH\CodeIgniter.php(934): App\Controllers\Tendik->index()
11 SYSTEMPATH\CodeIgniter.php(499): CodeIgniter\CodeIgniter->runController(Object(App\Controllers\Tendik))
12 SYSTEMPATH\CodeIgniter.php(368): CodeIgniter\CodeIgniter->handleRequest(null, Object(Config\Cache), false)
13 FCPATH\index.php(67): CodeIgniter\CodeIgniter->run()
INFO - 2024-04-02 02:45:39 --> Session: Class initialized using 'CodeIgniter\Session\Handlers\FileHandler' driver.
CRITICAL - 2024-04-02 02:45:39 --> Undefined array key "file_berita_acara"
in APPPATH\Views\staf\berkas\v_daftar_mahasiswa.php on line 50.
 1 APPPATH\Views\staf\berkas\v_daftar_mahasiswa.php(50): CodeIgniter\Debug\Exceptions->errorHandler(2, 'Undefined array key "file_berita_acara"', 'C:\\xampp\\htdocs\\graduate-ci4\\app\\Views\\staf\\berkas\\v_daftar_mahasiswa.php', 50)
 2 SYSTEMPATH\View\View.php(213): include('C:\\xampp\\htdocs\\graduate-ci4\\app\\Views\\staf\\berkas\\v_daftar_mahasiswa.php')
 3 SYSTEMPATH\View\View.php(216): CodeIgniter\View\View->CodeIgniter\View\{closure}()
 4 SYSTEMPATH\Common.php(1184): CodeIgniter\View\View->render('staf/berkas/v_daftar_mahasiswa', [], true)
 5 APPPATH\Views\v_template_staf.php(247): view('staf/berkas/v_daftar_mahasiswa')
 6 SYSTEMPATH\View\View.php(213): include('C:\\xampp\\htdocs\\graduate-ci4\\app\\Views\\v_template_staf.php')
 7 SYSTEMPATH\View\View.php(216): CodeIgniter\View\View->CodeIgniter\View\{closure}()
 8 SYSTEMPATH\Common.php(1184): CodeIgniter\View\View->render('v_template_staf', [], true)
 9 APPPATH\Controllers\Berkas.php(28): view('v_template_staf', [...])
10 SYSTEMPATH\CodeIgniter.php(934): App\Controllers\Berkas->index()
11 SYSTEMPATH\CodeIgniter.php(499): CodeIgniter\CodeIgniter->runController(Object(App\Controllers\Berkas))
12 SYSTEMPATH\CodeIgniter.php(368): CodeIgniter\CodeIgniter->handleRequest(null, Object(Config\Cache), false)
13 FCPATH\index.php(67): CodeIgniter\CodeIgniter->run()
INFO - 2024-04-02 02:45:41 --> Session: Class initialized using 'CodeIgniter\Session\Handlers\FileHandler' driver.
INFO - 2024-04-02 02:45:44 --> Session: Class initialized using 'CodeIgniter\Session\Handlers\FileHandler' driver.
INFO - 2024-04-02 02:45:47 --> Session: Class initialized using 'CodeIgniter\Session\Handlers\FileHandler' driver.
INFO - 2024-04-02 02:45:49 --> Session: Class initialized using 'CodeIgniter\Session\Handlers\FileHandler' driver.
WARNING - 2024-04-02 02:45:49 --> [DEPRECATED] strtotime(): Passing null to parameter #1 ($datetime) of type string is deprecated in APPPATH\Views\staf\v_detail_wisudawan.php on line 51.
 1 APPPATH\Views\staf\v_detail_wisudawan.php(51): strtotime(null)
 2 SYSTEMPATH\View\View.php(213): include('C:\\xampp\\htdocs\\graduate-ci4\\app\\Views\\staf\\v_detail_wisudawan.php')
 3 SYSTEMPATH\View\View.php(216): CodeIgniter\View\View->CodeIgniter\View\{closure}()
 4 SYSTEMPATH\Common.php(1184): CodeIgniter\View\View->render('staf/v_detail_wisudawan', [], true)
 5 APPPATH\Views\v_template_staf.php(247): view('staf/v_detail_wisudawan')
 6 SYSTEMPATH\View\View.php(213): include('C:\\xampp\\htdocs\\graduate-ci4\\app\\Views\\v_template_staf.php')
 7 SYSTEMPATH\View\View.php(216): CodeIgniter\View\View->CodeIgniter\View\{closure}()
 8 SYSTEMPATH\Common.php(1184): CodeIgniter\View\View->render('v_template_staf', [], true)
 9 APPPATH\Controllers\DashboardStaf.php(107): view('v_template_staf', [...])
10 SYSTEMPATH\CodeIgniter.php(934): App\Controllers\DashboardStaf->detailWisudawan('20220411')
11 SYSTEMPATH\CodeIgniter.php(499): CodeIgniter\CodeIgniter->runController(Object(App\Controllers\DashboardStaf))
12 SYSTEMPATH\CodeIgniter.php(368): CodeIgniter\CodeIgniter->handleRequest(null, Object(Config\Cache), false)
13 FCPATH\index.php(67): CodeIgniter\CodeIgniter->run()
WARNING - 2024-04-02 02:45:49 --> [DEPRECATED] strtotime(): Passing null to parameter #1 ($datetime) of type string is deprecated in APPPATH\Views\staf\v_detail_wisudawan.php on line 123.
 1 APPPATH\Views\staf\v_detail_wisudawan.php(123): strtotime(null)
 2 SYSTEMPATH\View\View.php(213): include('C:\\xampp\\htdocs\\graduate-ci4\\app\\Views\\staf\\v_detail_wisudawan.php')
 3 SYSTEMPATH\View\View.php(216): CodeIgniter\View\View->CodeIgniter\View\{closure}()
 4 SYSTEMPATH\Common.php(1184): CodeIgniter\View\View->render('staf/v_detail_wisudawan', [], true)
 5 APPPATH\Views\v_template_staf.php(247): view('staf/v_detail_wisudawan')
 6 SYSTEMPATH\View\View.php(213): include('C:\\xampp\\htdocs\\graduate-ci4\\app\\Views\\v_template_staf.php')
 7 SYSTEMPATH\View\View.php(216): CodeIgniter\View\View->CodeIgniter\View\{closure}()
 8 SYSTEMPATH\Common.php(1184): CodeIgniter\View\View->render('v_template_staf', [], true)
 9 APPPATH\Controllers\DashboardStaf.php(107): view('v_template_staf', [...])
10 SYSTEMPATH\CodeIgniter.php(934): App\Controllers\DashboardStaf->detailWisudawan('20220411')
11 SYSTEMPATH\CodeIgniter.php(499): CodeIgniter\CodeIgniter->runController(Object(App\Controllers\DashboardStaf))
12 SYSTEMPATH\CodeIgniter.php(368): CodeIgniter\CodeIgniter->handleRequest(null, Object(Config\Cache), false)
13 FCPATH\index.php(67): CodeIgniter\CodeIgniter->run()
INFO - 2024-04-02 02:45:55 --> Session: Class initialized using 'CodeIgniter\Session\Handlers\FileHandler' driver.
INFO - 2024-04-02 02:45:59 --> Session: Class initialized using 'CodeIgniter\Session\Handlers\FileHandler' driver.
WARNING - 2024-04-02 02:45:59 --> [DEPRECATED] strtotime(): Passing null to parameter #1 ($datetime) of type string is deprecated in APPPATH\Views\staf\v_detail_wisudawan.php on line 51.
 1 APPPATH\Views\staf\v_detail_wisudawan.php(51): strtotime(null)
 2 SYSTEMPATH\View\View.php(213): include('C:\\xampp\\htdocs\\graduate-ci4\\app\\Views\\staf\\v_detail_wisudawan.php')
 3 SYSTEMPATH\View\View.php(216): CodeIgniter\View\View->CodeIgniter\View\{closure}()
 4 SYSTEMPATH\Common.php(1184): CodeIgniter\View\View->render('staf/v_detail_wisudawan', [], true)
 5 APPPATH\Views\v_template_staf.php(247): view('staf/v_detail_wisudawan')
 6 SYSTEMPATH\View\View.php(213): include('C:\\xampp\\htdocs\\graduate-ci4\\app\\Views\\v_template_staf.php')
 7 SYSTEMPATH\View\View.php(216): CodeIgniter\View\View->CodeIgniter\View\{closure}()
 8 SYSTEMPATH\Common.php(1184): CodeIgniter\View\View->render('v_template_staf', [], true)
 9 APPPATH\Controllers\DashboardStaf.php(107): view('v_template_staf', [...])
10 SYSTEMPATH\CodeIgniter.php(934): App\Controllers\DashboardStaf->detailWisudawan('20220411')
11 SYSTEMPATH\CodeIgniter.php(499): CodeIgniter\CodeIgniter->runController(Object(App\Controllers\DashboardStaf))
12 SYSTEMPATH\CodeIgniter.php(368): CodeIgniter\CodeIgniter->handleRequest(null, Object(Config\Cache), false)
13 FCPATH\index.php(67): CodeIgniter\CodeIgniter->run()
WARNING - 2024-04-02 02:45:59 --> [DEPRECATED] strtotime(): Passing null to parameter #1 ($datetime) of type string is deprecated in APPPATH\Views\staf\v_detail_wisudawan.php on line 123.
 1 APPPATH\Views\staf\v_detail_wisudawan.php(123): strtotime(null)
 2 SYSTEMPATH\View\View.php(213): include('C:\\xampp\\htdocs\\graduate-ci4\\app\\Views\\staf\\v_detail_wisudawan.php')
 3 SYSTEMPATH\View\View.php(216): CodeIgniter\View\View->CodeIgniter\View\{closure}()
 4 SYSTEMPATH\Common.php(1184): CodeIgniter\View\View->render('staf/v_detail_wisudawan', [], true)
 5 APPPATH\Views\v_template_staf.php(247): view('staf/v_detail_wisudawan')
 6 SYSTEMPATH\View\View.php(213): include('C:\\xampp\\htdocs\\graduate-ci4\\app\\Views\\v_template_staf.php')
 7 SYSTEMPATH\View\View.php(216): CodeIgniter\View\View->CodeIgniter\View\{closure}()
 8 SYSTEMPATH\Common.php(1184): CodeIgniter\View\View->render('v_template_staf', [], true)
 9 APPPATH\Controllers\DashboardStaf.php(107): view('v_template_staf', [...])
10 SYSTEMPATH\CodeIgniter.php(934): App\Controllers\DashboardStaf->detailWisudawan('20220411')
11 SYSTEMPATH\CodeIgniter.php(499): CodeIgniter\CodeIgniter->runController(Object(App\Controllers\DashboardStaf))
12 SYSTEMPATH\CodeIgniter.php(368): CodeIgniter\CodeIgniter->handleRequest(null, Object(Config\Cache), false)
13 FCPATH\index.php(67): CodeIgniter\CodeIgniter->run()
INFO - 2024-04-02 02:46:02 --> Session: Class initialized using 'CodeIgniter\Session\Handlers\FileHandler' driver.
INFO - 2024-04-02 02:47:03 --> Session: Class initialized using 'CodeIgniter\Session\Handlers\FileHandler' driver.
INFO - 2024-04-02 02:47:09 --> Session: Class initialized using 'CodeIgniter\Session\Handlers\FileHandler' driver.
INFO - 2024-04-02 02:47:09 --> Session: Class initialized using 'CodeIgniter\Session\Handlers\FileHandler' driver.
INFO - 2024-04-02 02:47:16 --> Session: Class initialized using 'CodeIgniter\Session\Handlers\FileHandler' driver.
INFO - 2024-04-02 02:47:16 --> Session: Class initialized using 'CodeIgniter\Session\Handlers\FileHandler' driver.
INFO - 2024-04-02 02:47:23 --> Session: Class initialized using 'CodeIgniter\Session\Handlers\FileHandler' driver.
CRITICAL - 2024-04-02 02:47:23 --> Undefined array key "file_berita_acara"
in APPPATH\Views\dosen\v_data_berkas.php on line 34.
 1 APPPATH\Views\dosen\v_data_berkas.php(34): CodeIgniter\Debug\Exceptions->errorHandler(2, 'Undefined array key "file_berita_acara"', 'C:\\xampp\\htdocs\\graduate-ci4\\app\\Views\\dosen\\v_data_berkas.php', 34)
 2 SYSTEMPATH\View\View.php(213): include('C:\\xampp\\htdocs\\graduate-ci4\\app\\Views\\dosen\\v_data_berkas.php')
 3 SYSTEMPATH\View\View.php(216): CodeIgniter\View\View->CodeIgniter\View\{closure}()
 4 SYSTEMPATH\Common.php(1184): CodeIgniter\View\View->render('dosen/v_data_berkas', [], true)
 5 APPPATH\Views\v_template_dosen.php(155): view('dosen/v_data_berkas')
 6 SYSTEMPATH\View\View.php(213): include('C:\\xampp\\htdocs\\graduate-ci4\\app\\Views\\v_template_dosen.php')
 7 SYSTEMPATH\View\View.php(216): CodeIgniter\View\View->CodeIgniter\View\{closure}()
 8 SYSTEMPATH\Common.php(1184): CodeIgniter\View\View->render('v_template_dosen', [], true)
 9 APPPATH\Controllers\DashboardDosen.php(44): view('v_template_dosen', [...])
10 SYSTEMPATH\CodeIgniter.php(934): App\Controllers\DashboardDosen->berkas()
11 SYSTEMPATH\CodeIgniter.php(499): CodeIgniter\CodeIgniter->runController(Object(App\Controllers\DashboardDosen))
12 SYSTEMPATH\CodeIgniter.php(368): CodeIgniter\CodeIgniter->handleRequest(null, Object(Config\Cache), false)
13 FCPATH\index.php(67): CodeIgniter\CodeIgniter->run()
INFO - 2024-04-02 02:47:24 --> Session: Class initialized using 'CodeIgniter\Session\Handlers\FileHandler' driver.
INFO - 2024-04-02 02:47:27 --> Session: Class initialized using 'CodeIgniter\Session\Handlers\FileHandler' driver.
INFO - 2024-04-02 02:47:27 --> Session: Class initialized using 'CodeIgniter\Session\Handlers\FileHandler' driver.
INFO - 2024-04-02 02:47:37 --> Session: Class initialized using 'CodeIgniter\Session\Handlers\FileHandler' driver.
INFO - 2024-04-02 02:47:37 --> Session: Class initialized using 'CodeIgniter\Session\Handlers\FileHandler' driver.
INFO - 2024-04-02 02:47:44 --> Session: Class initialized using 'CodeIgniter\Session\Handlers\FileHandler' driver.
WARNING - 2024-04-02 02:47:44 --> [DEPRECATED] strpos(): Passing null to parameter #1 ($haystack) of type string is deprecated in SYSTEMPATH\Debug\Toolbar.php on line 416.
 1 SYSTEMPATH\Debug\Toolbar.php(416): strpos(null, '<head>')
 2 SYSTEMPATH\Filters\DebugToolbar.php(40): CodeIgniter\Debug\Toolbar->prepare(Object(CodeIgniter\HTTP\IncomingRequest), Object(CodeIgniter\HTTP\RedirectResponse))
 3 SYSTEMPATH\Filters\Filters.php(196): CodeIgniter\Filters\DebugToolbar->after(Object(CodeIgniter\HTTP\IncomingRequest), Object(CodeIgniter\HTTP\RedirectResponse), null)
 4 SYSTEMPATH\CodeIgniter.php(519): CodeIgniter\Filters\Filters->run('DashboardDosen', 'after')
 5 SYSTEMPATH\CodeIgniter.php(368): CodeIgniter\CodeIgniter->handleRequest(null, Object(Config\Cache), false)
 6 FCPATH\index.php(67): CodeIgniter\CodeIgniter->run()
INFO - 2024-04-02 02:47:44 --> Session: Class initialized using 'CodeIgniter\Session\Handlers\FileHandler' driver.
INFO - 2024-04-02 02:47:50 --> Session: Class initialized using 'CodeIgniter\Session\Handlers\FileHandler' driver.
WARNING - 2024-04-02 02:47:50 --> [DEPRECATED] strpos(): Passing null to parameter #1 ($haystack) of type string is deprecated in SYSTEMPATH\Debug\Toolbar.php on line 416.
 1 SYSTEMPATH\Debug\Toolbar.php(416): strpos(null, '<head>')
 2 SYSTEMPATH\Filters\DebugToolbar.php(40): CodeIgniter\Debug\Toolbar->prepare(Object(CodeIgniter\HTTP\IncomingRequest), Object(CodeIgniter\HTTP\RedirectResponse))
 3 SYSTEMPATH\Filters\Filters.php(196): CodeIgniter\Filters\DebugToolbar->after(Object(CodeIgniter\HTTP\IncomingRequest), Object(CodeIgniter\HTTP\RedirectResponse), null)
 4 SYSTEMPATH\CodeIgniter.php(519): CodeIgniter\Filters\Filters->run('DashboardDosen', 'after')
 5 SYSTEMPATH\CodeIgniter.php(368): CodeIgniter\CodeIgniter->handleRequest(null, Object(Config\Cache), false)
 6 FCPATH\index.php(67): CodeIgniter\CodeIgniter->run()
INFO - 2024-04-02 02:47:51 --> Session: Class initialized using 'CodeIgniter\Session\Handlers\FileHandler' driver.
INFO - 2024-04-02 02:48:16 --> Session: Class initialized using 'CodeIgniter\Session\Handlers\FileHandler' driver.
INFO - 2024-04-02 02:48:17 --> Session: Class initialized using 'CodeIgniter\Session\Handlers\FileHandler' driver.
INFO - 2024-04-02 02:49:01 --> Session: Class initialized using 'CodeIgniter\Session\Handlers\FileHandler' driver.
INFO - 2024-04-02 02:49:03 --> Session: Class initialized using 'CodeIgniter\Session\Handlers\FileHandler' driver.
CRITICAL - 2024-04-02 02:49:03 --> Undefined array key "file_berita_acara"
in APPPATH\Views\staf\berkas\v_daftar_mahasiswa.php on line 50.
 1 APPPATH\Views\staf\berkas\v_daftar_mahasiswa.php(50): CodeIgniter\Debug\Exceptions->errorHandler(2, 'Undefined array key "file_berita_acara"', 'C:\\xampp\\htdocs\\graduate-ci4\\app\\Views\\staf\\berkas\\v_daftar_mahasiswa.php', 50)
 2 SYSTEMPATH\View\View.php(213): include('C:\\xampp\\htdocs\\graduate-ci4\\app\\Views\\staf\\berkas\\v_daftar_mahasiswa.php')
 3 SYSTEMPATH\View\View.php(216): CodeIgniter\View\View->CodeIgniter\View\{closure}()
 4 SYSTEMPATH\Common.php(1184): CodeIgniter\View\View->render('staf/berkas/v_daftar_mahasiswa', [], true)
 5 APPPATH\Views\v_template_staf.php(247): view('staf/berkas/v_daftar_mahasiswa')
 6 SYSTEMPATH\View\View.php(213): include('C:\\xampp\\htdocs\\graduate-ci4\\app\\Views\\v_template_staf.php')
 7 SYSTEMPATH\View\View.php(216): CodeIgniter\View\View->CodeIgniter\View\{closure}()
 8 SYSTEMPATH\Common.php(1184): CodeIgniter\View\View->render('v_template_staf', [], true)
 9 APPPATH\Controllers\Berkas.php(28): view('v_template_staf', [...])
10 SYSTEMPATH\CodeIgniter.php(934): App\Controllers\Berkas->index()
11 SYSTEMPATH\CodeIgniter.php(499): CodeIgniter\CodeIgniter->runController(Object(App\Controllers\Berkas))
12 SYSTEMPATH\CodeIgniter.php(368): CodeIgniter\CodeIgniter->handleRequest(null, Object(Config\Cache), false)
13 FCPATH\index.php(67): CodeIgniter\CodeIgniter->run()
INFO - 2024-04-02 02:49:07 --> Session: Class initialized using 'CodeIgniter\Session\Handlers\FileHandler' driver.
INFO - 2024-04-02 02:49:09 --> Session: Class initialized using 'CodeIgniter\Session\Handlers\FileHandler' driver.
INFO - 2024-04-02 04:15:26 --> Session: Class initialized using 'CodeIgniter\Session\Handlers\FileHandler' driver.
INFO - 2024-04-02 04:15:26 --> Session: Class initialized using 'CodeIgniter\Session\Handlers\FileHandler' driver.
INFO - 2024-04-02 05:18:33 --> Session: Class initialized using 'CodeIgniter\Session\Handlers\FileHandler' driver.
INFO - 2024-04-02 05:54:03 --> Session: Class initialized using 'CodeIgniter\Session\Handlers\FileHandler' driver.
