WARNING - 2024-06-09 12:49:08 --> [DEPRECATED] Creation of dynamic property App\Controllers\Home::$ModelPersyaratan is deprecated in APPPATH\Controllers\Home.php on line 13.
 1 SYSTEMPATH\CodeIgniter.php(906): App\Controllers\Home->__construct()
 2 SYSTEMPATH\CodeIgniter.php(490): CodeIgniter\CodeIgniter->createController()
 3 SYSTEMPATH\CodeIgniter.php(368): CodeIgniter\CodeIgniter->handleRequest(null, Object(Config\Cache), false)
 4 FCPATH\index.php(67): CodeIgniter\CodeIgniter->run()
WARNING - 2024-06-09 12:49:08 --> [DEPRECATED] Creation of dynamic property App\Controllers\Home::$ModelMahasiswa is deprecated in APPPATH\Controllers\Home.php on line 14.
 1 SYSTEMPATH\CodeIgniter.php(906): App\Controllers\Home->__construct()
 2 SYSTEMPATH\CodeIgniter.php(490): CodeIgniter\CodeIgniter->createController()
 3 SYSTEMPATH\CodeIgniter.php(368): CodeIgniter\CodeIgniter->handleRequest(null, Object(Config\Cache), false)
 4 FCPATH\index.php(67): CodeIgniter\CodeIgniter->run()
WARNING - 2024-06-09 12:49:08 --> [DEPRECATED] Creation of dynamic property App\Controllers\Home::$ModelProdi is deprecated in APPPATH\Controllers\Home.php on line 15.
 1 SYSTEMPATH\CodeIgniter.php(906): App\Controllers\Home->__construct()
 2 SYSTEMPATH\CodeIgniter.php(490): CodeIgniter\CodeIgniter->createController()
 3 SYSTEMPATH\CodeIgniter.php(368): CodeIgniter\CodeIgniter->handleRequest(null, Object(Config\Cache), false)
 4 FCPATH\index.php(67): CodeIgniter\CodeIgniter->run()
INFO - 2024-06-09 12:49:17 --> Session: Class initialized using 'CodeIgniter\Session\Handlers\FileHandler' driver.
INFO - 2024-06-09 12:49:23 --> Session: Class initialized using 'CodeIgniter\Session\Handlers\FileHandler' driver.
INFO - 2024-06-09 12:49:24 --> Session: Class initialized using 'CodeIgniter\Session\Handlers\FileHandler' driver.
WARNING - 2024-06-09 12:49:24 --> [DEPRECATED] Creation of dynamic property App\Controllers\DashboardStaf::$ModelDashboardStaf is deprecated in APPPATH\Controllers\DashboardStaf.php on line 15.
 1 SYSTEMPATH\CodeIgniter.php(906): App\Controllers\DashboardStaf->__construct()
 2 SYSTEMPATH\CodeIgniter.php(490): CodeIgniter\CodeIgniter->createController()
 3 SYSTEMPATH\CodeIgniter.php(368): CodeIgniter\CodeIgniter->handleRequest(null, Object(Config\Cache), false)
 4 FCPATH\index.php(67): CodeIgniter\CodeIgniter->run()
WARNING - 2024-06-09 12:49:24 --> [DEPRECATED] Creation of dynamic property App\Controllers\DashboardStaf::$ModelPendaftaran is deprecated in APPPATH\Controllers\DashboardStaf.php on line 16.
 1 SYSTEMPATH\CodeIgniter.php(906): App\Controllers\DashboardStaf->__construct()
 2 SYSTEMPATH\CodeIgniter.php(490): CodeIgniter\CodeIgniter->createController()
 3 SYSTEMPATH\CodeIgniter.php(368): CodeIgniter\CodeIgniter->handleRequest(null, Object(Config\Cache), false)
 4 FCPATH\index.php(67): CodeIgniter\CodeIgniter->run()
WARNING - 2024-06-09 12:49:24 --> [DEPRECATED] Creation of dynamic property App\Controllers\DashboardStaf::$ModelMahasiswa is deprecated in APPPATH\Controllers\DashboardStaf.php on line 17.
 1 SYSTEMPATH\CodeIgniter.php(906): App\Controllers\DashboardStaf->__construct()
 2 SYSTEMPATH\CodeIgniter.php(490): CodeIgniter\CodeIgniter->createController()
 3 SYSTEMPATH\CodeIgniter.php(368): CodeIgniter\CodeIgniter->handleRequest(null, Object(Config\Cache), false)
 4 FCPATH\index.php(67): CodeIgniter\CodeIgniter->run()
WARNING - 2024-06-09 12:49:24 --> [DEPRECATED] Creation of dynamic property App\Controllers\DashboardStaf::$ModelDosen is deprecated in APPPATH\Controllers\DashboardStaf.php on line 18.
 1 SYSTEMPATH\CodeIgniter.php(906): App\Controllers\DashboardStaf->__construct()
 2 SYSTEMPATH\CodeIgniter.php(490): CodeIgniter\CodeIgniter->createController()
 3 SYSTEMPATH\CodeIgniter.php(368): CodeIgniter\CodeIgniter->handleRequest(null, Object(Config\Cache), false)
 4 FCPATH\index.php(67): CodeIgniter\CodeIgniter->run()
INFO - 2024-06-09 12:49:28 --> Session: Class initialized using 'CodeIgniter\Session\Handlers\FileHandler' driver.
WARNING - 2024-06-09 12:49:28 --> [DEPRECATED] Creation of dynamic property App\Controllers\DashboardStaf::$ModelDashboardStaf is deprecated in APPPATH\Controllers\DashboardStaf.php on line 15.
 1 SYSTEMPATH\CodeIgniter.php(906): App\Controllers\DashboardStaf->__construct()
 2 SYSTEMPATH\CodeIgniter.php(490): CodeIgniter\CodeIgniter->createController()
 3 SYSTEMPATH\CodeIgniter.php(368): CodeIgniter\CodeIgniter->handleRequest(null, Object(Config\Cache), false)
 4 FCPATH\index.php(67): CodeIgniter\CodeIgniter->run()
WARNING - 2024-06-09 12:49:28 --> [DEPRECATED] Creation of dynamic property App\Controllers\DashboardStaf::$ModelPendaftaran is deprecated in APPPATH\Controllers\DashboardStaf.php on line 16.
 1 SYSTEMPATH\CodeIgniter.php(906): App\Controllers\DashboardStaf->__construct()
 2 SYSTEMPATH\CodeIgniter.php(490): CodeIgniter\CodeIgniter->createController()
 3 SYSTEMPATH\CodeIgniter.php(368): CodeIgniter\CodeIgniter->handleRequest(null, Object(Config\Cache), false)
 4 FCPATH\index.php(67): CodeIgniter\CodeIgniter->run()
WARNING - 2024-06-09 12:49:28 --> [DEPRECATED] Creation of dynamic property App\Controllers\DashboardStaf::$ModelMahasiswa is deprecated in APPPATH\Controllers\DashboardStaf.php on line 17.
 1 SYSTEMPATH\CodeIgniter.php(906): App\Controllers\DashboardStaf->__construct()
 2 SYSTEMPATH\CodeIgniter.php(490): CodeIgniter\CodeIgniter->createController()
 3 SYSTEMPATH\CodeIgniter.php(368): CodeIgniter\CodeIgniter->handleRequest(null, Object(Config\Cache), false)
 4 FCPATH\index.php(67): CodeIgniter\CodeIgniter->run()
WARNING - 2024-06-09 12:49:28 --> [DEPRECATED] Creation of dynamic property App\Controllers\DashboardStaf::$ModelDosen is deprecated in APPPATH\Controllers\DashboardStaf.php on line 18.
 1 SYSTEMPATH\CodeIgniter.php(906): App\Controllers\DashboardStaf->__construct()
 2 SYSTEMPATH\CodeIgniter.php(490): CodeIgniter\CodeIgniter->createController()
 3 SYSTEMPATH\CodeIgniter.php(368): CodeIgniter\CodeIgniter->handleRequest(null, Object(Config\Cache), false)
 4 FCPATH\index.php(67): CodeIgniter\CodeIgniter->run()
INFO - 2024-06-09 12:49:29 --> Session: Class initialized using 'CodeIgniter\Session\Handlers\FileHandler' driver.
WARNING - 2024-06-09 12:49:29 --> [DEPRECATED] Creation of dynamic property App\Controllers\DashboardStaf::$ModelDashboardStaf is deprecated in APPPATH\Controllers\DashboardStaf.php on line 15.
 1 SYSTEMPATH\CodeIgniter.php(906): App\Controllers\DashboardStaf->__construct()
 2 SYSTEMPATH\CodeIgniter.php(490): CodeIgniter\CodeIgniter->createController()
 3 SYSTEMPATH\CodeIgniter.php(368): CodeIgniter\CodeIgniter->handleRequest(null, Object(Config\Cache), false)
 4 FCPATH\index.php(67): CodeIgniter\CodeIgniter->run()
WARNING - 2024-06-09 12:49:29 --> [DEPRECATED] Creation of dynamic property App\Controllers\DashboardStaf::$ModelPendaftaran is deprecated in APPPATH\Controllers\DashboardStaf.php on line 16.
 1 SYSTEMPATH\CodeIgniter.php(906): App\Controllers\DashboardStaf->__construct()
 2 SYSTEMPATH\CodeIgniter.php(490): CodeIgniter\CodeIgniter->createController()
 3 SYSTEMPATH\CodeIgniter.php(368): CodeIgniter\CodeIgniter->handleRequest(null, Object(Config\Cache), false)
 4 FCPATH\index.php(67): CodeIgniter\CodeIgniter->run()
WARNING - 2024-06-09 12:49:29 --> [DEPRECATED] Creation of dynamic property App\Controllers\DashboardStaf::$ModelMahasiswa is deprecated in APPPATH\Controllers\DashboardStaf.php on line 17.
 1 SYSTEMPATH\CodeIgniter.php(906): App\Controllers\DashboardStaf->__construct()
 2 SYSTEMPATH\CodeIgniter.php(490): CodeIgniter\CodeIgniter->createController()
 3 SYSTEMPATH\CodeIgniter.php(368): CodeIgniter\CodeIgniter->handleRequest(null, Object(Config\Cache), false)
 4 FCPATH\index.php(67): CodeIgniter\CodeIgniter->run()
WARNING - 2024-06-09 12:49:29 --> [DEPRECATED] Creation of dynamic property App\Controllers\DashboardStaf::$ModelDosen is deprecated in APPPATH\Controllers\DashboardStaf.php on line 18.
 1 SYSTEMPATH\CodeIgniter.php(906): App\Controllers\DashboardStaf->__construct()
 2 SYSTEMPATH\CodeIgniter.php(490): CodeIgniter\CodeIgniter->createController()
 3 SYSTEMPATH\CodeIgniter.php(368): CodeIgniter\CodeIgniter->handleRequest(null, Object(Config\Cache), false)
 4 FCPATH\index.php(67): CodeIgniter\CodeIgniter->run()
INFO - 2024-06-09 12:58:03 --> Session: Class initialized using 'CodeIgniter\Session\Handlers\FileHandler' driver.
INFO - 2024-06-09 12:58:03 --> Session: Class initialized using 'CodeIgniter\Session\Handlers\FileHandler' driver.
INFO - 2024-06-09 12:58:11 --> Session: Class initialized using 'CodeIgniter\Session\Handlers\FileHandler' driver.
INFO - 2024-06-09 12:58:11 --> Session: Class initialized using 'CodeIgniter\Session\Handlers\FileHandler' driver.
WARNING - 2024-06-09 12:58:11 --> [DEPRECATED] Creation of dynamic property App\Controllers\DashboardStaf::$ModelDashboardStaf is deprecated in APPPATH\Controllers\DashboardStaf.php on line 15.
 1 SYSTEMPATH\CodeIgniter.php(906): App\Controllers\DashboardStaf->__construct()
 2 SYSTEMPATH\CodeIgniter.php(490): CodeIgniter\CodeIgniter->createController()
 3 SYSTEMPATH\CodeIgniter.php(368): CodeIgniter\CodeIgniter->handleRequest(null, Object(Config\Cache), false)
 4 FCPATH\index.php(67): CodeIgniter\CodeIgniter->run()
WARNING - 2024-06-09 12:58:11 --> [DEPRECATED] Creation of dynamic property App\Controllers\DashboardStaf::$ModelPendaftaran is deprecated in APPPATH\Controllers\DashboardStaf.php on line 16.
 1 SYSTEMPATH\CodeIgniter.php(906): App\Controllers\DashboardStaf->__construct()
 2 SYSTEMPATH\CodeIgniter.php(490): CodeIgniter\CodeIgniter->createController()
 3 SYSTEMPATH\CodeIgniter.php(368): CodeIgniter\CodeIgniter->handleRequest(null, Object(Config\Cache), false)
 4 FCPATH\index.php(67): CodeIgniter\CodeIgniter->run()
WARNING - 2024-06-09 12:58:11 --> [DEPRECATED] Creation of dynamic property App\Controllers\DashboardStaf::$ModelMahasiswa is deprecated in APPPATH\Controllers\DashboardStaf.php on line 17.
 1 SYSTEMPATH\CodeIgniter.php(906): App\Controllers\DashboardStaf->__construct()
 2 SYSTEMPATH\CodeIgniter.php(490): CodeIgniter\CodeIgniter->createController()
 3 SYSTEMPATH\CodeIgniter.php(368): CodeIgniter\CodeIgniter->handleRequest(null, Object(Config\Cache), false)
 4 FCPATH\index.php(67): CodeIgniter\CodeIgniter->run()
WARNING - 2024-06-09 12:58:11 --> [DEPRECATED] Creation of dynamic property App\Controllers\DashboardStaf::$ModelDosen is deprecated in APPPATH\Controllers\DashboardStaf.php on line 18.
 1 SYSTEMPATH\CodeIgniter.php(906): App\Controllers\DashboardStaf->__construct()
 2 SYSTEMPATH\CodeIgniter.php(490): CodeIgniter\CodeIgniter->createController()
 3 SYSTEMPATH\CodeIgniter.php(368): CodeIgniter\CodeIgniter->handleRequest(null, Object(Config\Cache), false)
 4 FCPATH\index.php(67): CodeIgniter\CodeIgniter->run()
INFO - 2024-06-09 12:59:35 --> Session: Class initialized using 'CodeIgniter\Session\Handlers\FileHandler' driver.
WARNING - 2024-06-09 12:59:36 --> [DEPRECATED] Creation of dynamic property App\Controllers\DashboardStaf::$ModelDashboardStaf is deprecated in APPPATH\Controllers\DashboardStaf.php on line 15.
 1 SYSTEMPATH\CodeIgniter.php(906): App\Controllers\DashboardStaf->__construct()
 2 SYSTEMPATH\CodeIgniter.php(490): CodeIgniter\CodeIgniter->createController()
 3 SYSTEMPATH\CodeIgniter.php(368): CodeIgniter\CodeIgniter->handleRequest(null, Object(Config\Cache), false)
 4 FCPATH\index.php(67): CodeIgniter\CodeIgniter->run()
WARNING - 2024-06-09 12:59:36 --> [DEPRECATED] Creation of dynamic property App\Controllers\DashboardStaf::$ModelPendaftaran is deprecated in APPPATH\Controllers\DashboardStaf.php on line 16.
 1 SYSTEMPATH\CodeIgniter.php(906): App\Controllers\DashboardStaf->__construct()
 2 SYSTEMPATH\CodeIgniter.php(490): CodeIgniter\CodeIgniter->createController()
 3 SYSTEMPATH\CodeIgniter.php(368): CodeIgniter\CodeIgniter->handleRequest(null, Object(Config\Cache), false)
 4 FCPATH\index.php(67): CodeIgniter\CodeIgniter->run()
WARNING - 2024-06-09 12:59:36 --> [DEPRECATED] Creation of dynamic property App\Controllers\DashboardStaf::$ModelMahasiswa is deprecated in APPPATH\Controllers\DashboardStaf.php on line 17.
 1 SYSTEMPATH\CodeIgniter.php(906): App\Controllers\DashboardStaf->__construct()
 2 SYSTEMPATH\CodeIgniter.php(490): CodeIgniter\CodeIgniter->createController()
 3 SYSTEMPATH\CodeIgniter.php(368): CodeIgniter\CodeIgniter->handleRequest(null, Object(Config\Cache), false)
 4 FCPATH\index.php(67): CodeIgniter\CodeIgniter->run()
WARNING - 2024-06-09 12:59:36 --> [DEPRECATED] Creation of dynamic property App\Controllers\DashboardStaf::$ModelDosen is deprecated in APPPATH\Controllers\DashboardStaf.php on line 18.
 1 SYSTEMPATH\CodeIgniter.php(906): App\Controllers\DashboardStaf->__construct()
 2 SYSTEMPATH\CodeIgniter.php(490): CodeIgniter\CodeIgniter->createController()
 3 SYSTEMPATH\CodeIgniter.php(368): CodeIgniter\CodeIgniter->handleRequest(null, Object(Config\Cache), false)
 4 FCPATH\index.php(67): CodeIgniter\CodeIgniter->run()
INFO - 2024-06-09 15:20:32 --> Session: Class initialized using 'CodeIgniter\Session\Handlers\FileHandler' driver.
INFO - 2024-06-09 15:20:33 --> Session: Class initialized using 'CodeIgniter\Session\Handlers\FileHandler' driver.
INFO - 2024-06-09 15:47:51 --> Session: Class initialized using 'CodeIgniter\Session\Handlers\FileHandler' driver.
INFO - 2024-06-09 16:11:46 --> Session: Class initialized using 'CodeIgniter\Session\Handlers\FileHandler' driver.
INFO - 2024-06-09 16:45:16 --> Session: Class initialized using 'CodeIgniter\Session\Handlers\FileHandler' driver.
