INFO - 2024-04-15 03:11:37 --> Session: Class initialized using 'CodeIgniter\Session\Handlers\FileHandler' driver.
INFO - 2024-04-15 03:12:21 --> Session: Class initialized using 'CodeIgniter\Session\Handlers\FileHandler' driver.
INFO - 2024-04-15 03:12:29 --> Session: Class initialized using 'CodeIgniter\Session\Handlers\FileHandler' driver.
INFO - 2024-04-15 03:12:29 --> Session: Class initialized using 'CodeIgniter\Session\Handlers\FileHandler' driver.
INFO - 2024-04-15 03:12:34 --> Session: Class initialized using 'CodeIgniter\Session\Handlers\FileHandler' driver.
INFO - 2024-04-15 03:12:47 --> Session: Class initialized using 'CodeIgniter\Session\Handlers\FileHandler' driver.
INFO - 2024-04-15 03:12:47 --> Session: Class initialized using 'CodeIgniter\Session\Handlers\FileHandler' driver.
INFO - 2024-04-15 03:13:55 --> Session: Class initialized using 'CodeIgniter\Session\Handlers\FileHandler' driver.
INFO - 2024-04-15 03:13:55 --> Session: Class initialized using 'CodeIgniter\Session\Handlers\FileHandler' driver.
INFO - 2024-04-15 03:13:59 --> Session: Class initialized using 'CodeIgniter\Session\Handlers\FileHandler' driver.
INFO - 2024-04-15 03:14:38 --> Session: Class initialized using 'CodeIgniter\Session\Handlers\FileHandler' driver.
CRITICAL - 2024-04-15 03:14:38 --> Undefined array key "id_tendik"
in APPPATH\Views\staf\v_tendik.php on line 43.
 1 APPPATH\Views\staf\v_tendik.php(43): CodeIgniter\Debug\Exceptions->errorHandler(2, 'Undefined array key "id_tendik"', 'C:\\xampp\\htdocs\\graduate-ci4\\app\\Views\\staf\\v_tendik.php', 43)
 2 SYSTEMPATH\View\View.php(213): include('C:\\xampp\\htdocs\\graduate-ci4\\app\\Views\\staf\\v_tendik.php')
 3 SYSTEMPATH\View\View.php(216): CodeIgniter\View\View->CodeIgniter\View\{closure}()
 4 SYSTEMPATH\Common.php(1184): CodeIgniter\View\View->render('staf/v_tendik', [], true)
 5 APPPATH\Views\v_template_staf.php(247): view('staf/v_tendik')
 6 SYSTEMPATH\View\View.php(213): include('C:\\xampp\\htdocs\\graduate-ci4\\app\\Views\\v_template_staf.php')
 7 SYSTEMPATH\View\View.php(216): CodeIgniter\View\View->CodeIgniter\View\{closure}()
 8 SYSTEMPATH\Common.php(1184): CodeIgniter\View\View->render('v_template_staf', [], true)
 9 APPPATH\Controllers\Tendik.php(24): view('v_template_staf', [...])
10 SYSTEMPATH\CodeIgniter.php(934): App\Controllers\Tendik->index()
11 SYSTEMPATH\CodeIgniter.php(499): CodeIgniter\CodeIgniter->runController(Object(App\Controllers\Tendik))
12 SYSTEMPATH\CodeIgniter.php(368): CodeIgniter\CodeIgniter->handleRequest(null, Object(Config\Cache), false)
13 FCPATH\index.php(67): CodeIgniter\CodeIgniter->run()
INFO - 2024-04-15 03:14:40 --> Session: Class initialized using 'CodeIgniter\Session\Handlers\FileHandler' driver.
INFO - 2024-04-15 03:14:43 --> Session: Class initialized using 'CodeIgniter\Session\Handlers\FileHandler' driver.
INFO - 2024-04-15 04:46:54 --> Session: Class initialized using 'CodeIgniter\Session\Handlers\FileHandler' driver.
INFO - 2024-04-15 04:46:54 --> Session: Class initialized using 'CodeIgniter\Session\Handlers\FileHandler' driver.
INFO - 2024-04-15 04:47:02 --> Session: Class initialized using 'CodeIgniter\Session\Handlers\FileHandler' driver.
INFO - 2024-04-15 04:47:02 --> Session: Class initialized using 'CodeIgniter\Session\Handlers\FileHandler' driver.
INFO - 2024-04-15 04:47:05 --> Session: Class initialized using 'CodeIgniter\Session\Handlers\FileHandler' driver.
CRITICAL - 2024-04-15 04:47:05 --> Undefined array key "file_berita_acara"
in APPPATH\Views\staf\berkas\v_daftar_mahasiswa.php on line 50.
 1 APPPATH\Views\staf\berkas\v_daftar_mahasiswa.php(50): CodeIgniter\Debug\Exceptions->errorHandler(2, 'Undefined array key "file_berita_acara"', 'C:\\xampp\\htdocs\\graduate-ci4\\app\\Views\\staf\\berkas\\v_daftar_mahasiswa.php', 50)
 2 SYSTEMPATH\View\View.php(213): include('C:\\xampp\\htdocs\\graduate-ci4\\app\\Views\\staf\\berkas\\v_daftar_mahasiswa.php')
 3 SYSTEMPATH\View\View.php(216): CodeIgniter\View\View->CodeIgniter\View\{closure}()
 4 SYSTEMPATH\Common.php(1184): CodeIgniter\View\View->render('staf/berkas/v_daftar_mahasiswa', [], true)
 5 APPPATH\Views\v_template_staf.php(247): view('staf/berkas/v_daftar_mahasiswa')
 6 SYSTEMPATH\View\View.php(213): include('C:\\xampp\\htdocs\\graduate-ci4\\app\\Views\\v_template_staf.php')
 7 SYSTEMPATH\View\View.php(216): CodeIgniter\View\View->CodeIgniter\View\{closure}()
 8 SYSTEMPATH\Common.php(1184): CodeIgniter\View\View->render('v_template_staf', [], true)
 9 APPPATH\Controllers\Berkas.php(28): view('v_template_staf', [...])
10 SYSTEMPATH\CodeIgniter.php(934): App\Controllers\Berkas->index()
11 SYSTEMPATH\CodeIgniter.php(499): CodeIgniter\CodeIgniter->runController(Object(App\Controllers\Berkas))
12 SYSTEMPATH\CodeIgniter.php(368): CodeIgniter\CodeIgniter->handleRequest(null, Object(Config\Cache), false)
13 FCPATH\index.php(67): CodeIgniter\CodeIgniter->run()
INFO - 2024-04-15 04:47:07 --> Session: Class initialized using 'CodeIgniter\Session\Handlers\FileHandler' driver.
CRITICAL - 2024-04-15 04:47:07 --> Undefined array key "file_berita_acara"
in APPPATH\Views\staf\berkas\v_daftar_mahasiswa.php on line 50.
 1 APPPATH\Views\staf\berkas\v_daftar_mahasiswa.php(50): CodeIgniter\Debug\Exceptions->errorHandler(2, 'Undefined array key "file_berita_acara"', 'C:\\xampp\\htdocs\\graduate-ci4\\app\\Views\\staf\\berkas\\v_daftar_mahasiswa.php', 50)
 2 SYSTEMPATH\View\View.php(213): include('C:\\xampp\\htdocs\\graduate-ci4\\app\\Views\\staf\\berkas\\v_daftar_mahasiswa.php')
 3 SYSTEMPATH\View\View.php(216): CodeIgniter\View\View->CodeIgniter\View\{closure}()
 4 SYSTEMPATH\Common.php(1184): CodeIgniter\View\View->render('staf/berkas/v_daftar_mahasiswa', [], true)
 5 APPPATH\Views\v_template_staf.php(247): view('staf/berkas/v_daftar_mahasiswa')
 6 SYSTEMPATH\View\View.php(213): include('C:\\xampp\\htdocs\\graduate-ci4\\app\\Views\\v_template_staf.php')
 7 SYSTEMPATH\View\View.php(216): CodeIgniter\View\View->CodeIgniter\View\{closure}()
 8 SYSTEMPATH\Common.php(1184): CodeIgniter\View\View->render('v_template_staf', [], true)
 9 APPPATH\Controllers\Berkas.php(28): view('v_template_staf', [...])
10 SYSTEMPATH\CodeIgniter.php(934): App\Controllers\Berkas->index()
11 SYSTEMPATH\CodeIgniter.php(499): CodeIgniter\CodeIgniter->runController(Object(App\Controllers\Berkas))
12 SYSTEMPATH\CodeIgniter.php(368): CodeIgniter\CodeIgniter->handleRequest(null, Object(Config\Cache), false)
13 FCPATH\index.php(67): CodeIgniter\CodeIgniter->run()
INFO - 2024-04-15 04:47:07 --> Session: Class initialized using 'CodeIgniter\Session\Handlers\FileHandler' driver.
INFO - 2024-04-15 04:47:12 --> Session: Class initialized using 'CodeIgniter\Session\Handlers\FileHandler' driver.
INFO - 2024-04-15 04:47:28 --> Session: Class initialized using 'CodeIgniter\Session\Handlers\FileHandler' driver.
INFO - 2024-04-15 04:53:26 --> Session: Class initialized using 'CodeIgniter\Session\Handlers\FileHandler' driver.
INFO - 2024-04-15 04:53:28 --> Session: Class initialized using 'CodeIgniter\Session\Handlers\FileHandler' driver.
WARNING - 2024-04-15 04:53:28 --> [DEPRECATED] strtotime(): Passing null to parameter #1 ($datetime) of type string is deprecated in APPPATH\Views\staf\v_detail_wisudawan.php on line 51.
 1 APPPATH\Views\staf\v_detail_wisudawan.php(51): strtotime(null)
 2 SYSTEMPATH\View\View.php(213): include('C:\\xampp\\htdocs\\graduate-ci4\\app\\Views\\staf\\v_detail_wisudawan.php')
 3 SYSTEMPATH\View\View.php(216): CodeIgniter\View\View->CodeIgniter\View\{closure}()
 4 SYSTEMPATH\Common.php(1184): CodeIgniter\View\View->render('staf/v_detail_wisudawan', [], true)
 5 APPPATH\Views\v_template_staf.php(247): view('staf/v_detail_wisudawan')
 6 SYSTEMPATH\View\View.php(213): include('C:\\xampp\\htdocs\\graduate-ci4\\app\\Views\\v_template_staf.php')
 7 SYSTEMPATH\View\View.php(216): CodeIgniter\View\View->CodeIgniter\View\{closure}()
 8 SYSTEMPATH\Common.php(1184): CodeIgniter\View\View->render('v_template_staf', [], true)
 9 APPPATH\Controllers\DashboardStaf.php(107): view('v_template_staf', [...])
10 SYSTEMPATH\CodeIgniter.php(934): App\Controllers\DashboardStaf->detailWisudawan('20220411')
11 SYSTEMPATH\CodeIgniter.php(499): CodeIgniter\CodeIgniter->runController(Object(App\Controllers\DashboardStaf))
12 SYSTEMPATH\CodeIgniter.php(368): CodeIgniter\CodeIgniter->handleRequest(null, Object(Config\Cache), false)
13 FCPATH\index.php(67): CodeIgniter\CodeIgniter->run()
WARNING - 2024-04-15 04:53:28 --> [DEPRECATED] strtotime(): Passing null to parameter #1 ($datetime) of type string is deprecated in APPPATH\Views\staf\v_detail_wisudawan.php on line 123.
 1 APPPATH\Views\staf\v_detail_wisudawan.php(123): strtotime(null)
 2 SYSTEMPATH\View\View.php(213): include('C:\\xampp\\htdocs\\graduate-ci4\\app\\Views\\staf\\v_detail_wisudawan.php')
 3 SYSTEMPATH\View\View.php(216): CodeIgniter\View\View->CodeIgniter\View\{closure}()
 4 SYSTEMPATH\Common.php(1184): CodeIgniter\View\View->render('staf/v_detail_wisudawan', [], true)
 5 APPPATH\Views\v_template_staf.php(247): view('staf/v_detail_wisudawan')
 6 SYSTEMPATH\View\View.php(213): include('C:\\xampp\\htdocs\\graduate-ci4\\app\\Views\\v_template_staf.php')
 7 SYSTEMPATH\View\View.php(216): CodeIgniter\View\View->CodeIgniter\View\{closure}()
 8 SYSTEMPATH\Common.php(1184): CodeIgniter\View\View->render('v_template_staf', [], true)
 9 APPPATH\Controllers\DashboardStaf.php(107): view('v_template_staf', [...])
10 SYSTEMPATH\CodeIgniter.php(934): App\Controllers\DashboardStaf->detailWisudawan('20220411')
11 SYSTEMPATH\CodeIgniter.php(499): CodeIgniter\CodeIgniter->runController(Object(App\Controllers\DashboardStaf))
12 SYSTEMPATH\CodeIgniter.php(368): CodeIgniter\CodeIgniter->handleRequest(null, Object(Config\Cache), false)
13 FCPATH\index.php(67): CodeIgniter\CodeIgniter->run()
INFO - 2024-04-15 04:53:34 --> Session: Class initialized using 'CodeIgniter\Session\Handlers\FileHandler' driver.
INFO - 2024-04-15 04:53:36 --> Session: Class initialized using 'CodeIgniter\Session\Handlers\FileHandler' driver.
WARNING - 2024-04-15 04:53:36 --> [DEPRECATED] strtotime(): Passing null to parameter #1 ($datetime) of type string is deprecated in APPPATH\Views\staf\v_detail_wisudawan.php on line 51.
 1 APPPATH\Views\staf\v_detail_wisudawan.php(51): strtotime(null)
 2 SYSTEMPATH\View\View.php(213): include('C:\\xampp\\htdocs\\graduate-ci4\\app\\Views\\staf\\v_detail_wisudawan.php')
 3 SYSTEMPATH\View\View.php(216): CodeIgniter\View\View->CodeIgniter\View\{closure}()
 4 SYSTEMPATH\Common.php(1184): CodeIgniter\View\View->render('staf/v_detail_wisudawan', [], true)
 5 APPPATH\Views\v_template_staf.php(247): view('staf/v_detail_wisudawan')
 6 SYSTEMPATH\View\View.php(213): include('C:\\xampp\\htdocs\\graduate-ci4\\app\\Views\\v_template_staf.php')
 7 SYSTEMPATH\View\View.php(216): CodeIgniter\View\View->CodeIgniter\View\{closure}()
 8 SYSTEMPATH\Common.php(1184): CodeIgniter\View\View->render('v_template_staf', [], true)
 9 APPPATH\Controllers\DashboardStaf.php(107): view('v_template_staf', [...])
10 SYSTEMPATH\CodeIgniter.php(934): App\Controllers\DashboardStaf->detailWisudawan('20220411')
11 SYSTEMPATH\CodeIgniter.php(499): CodeIgniter\CodeIgniter->runController(Object(App\Controllers\DashboardStaf))
12 SYSTEMPATH\CodeIgniter.php(368): CodeIgniter\CodeIgniter->handleRequest(null, Object(Config\Cache), false)
13 FCPATH\index.php(67): CodeIgniter\CodeIgniter->run()
WARNING - 2024-04-15 04:53:36 --> [DEPRECATED] strtotime(): Passing null to parameter #1 ($datetime) of type string is deprecated in APPPATH\Views\staf\v_detail_wisudawan.php on line 123.
 1 APPPATH\Views\staf\v_detail_wisudawan.php(123): strtotime(null)
 2 SYSTEMPATH\View\View.php(213): include('C:\\xampp\\htdocs\\graduate-ci4\\app\\Views\\staf\\v_detail_wisudawan.php')
 3 SYSTEMPATH\View\View.php(216): CodeIgniter\View\View->CodeIgniter\View\{closure}()
 4 SYSTEMPATH\Common.php(1184): CodeIgniter\View\View->render('staf/v_detail_wisudawan', [], true)
 5 APPPATH\Views\v_template_staf.php(247): view('staf/v_detail_wisudawan')
 6 SYSTEMPATH\View\View.php(213): include('C:\\xampp\\htdocs\\graduate-ci4\\app\\Views\\v_template_staf.php')
 7 SYSTEMPATH\View\View.php(216): CodeIgniter\View\View->CodeIgniter\View\{closure}()
 8 SYSTEMPATH\Common.php(1184): CodeIgniter\View\View->render('v_template_staf', [], true)
 9 APPPATH\Controllers\DashboardStaf.php(107): view('v_template_staf', [...])
10 SYSTEMPATH\CodeIgniter.php(934): App\Controllers\DashboardStaf->detailWisudawan('20220411')
11 SYSTEMPATH\CodeIgniter.php(499): CodeIgniter\CodeIgniter->runController(Object(App\Controllers\DashboardStaf))
12 SYSTEMPATH\CodeIgniter.php(368): CodeIgniter\CodeIgniter->handleRequest(null, Object(Config\Cache), false)
13 FCPATH\index.php(67): CodeIgniter\CodeIgniter->run()
INFO - 2024-04-15 04:53:40 --> Session: Class initialized using 'CodeIgniter\Session\Handlers\FileHandler' driver.
INFO - 2024-04-15 04:53:41 --> Session: Class initialized using 'CodeIgniter\Session\Handlers\FileHandler' driver.
INFO - 2024-04-15 04:53:47 --> Session: Class initialized using 'CodeIgniter\Session\Handlers\FileHandler' driver.
INFO - 2024-04-15 05:03:06 --> Session: Class initialized using 'CodeIgniter\Session\Handlers\FileHandler' driver.
INFO - 2024-04-15 05:07:04 --> Session: Class initialized using 'CodeIgniter\Session\Handlers\FileHandler' driver.
INFO - 2024-04-15 05:12:33 --> Session: Class initialized using 'CodeIgniter\Session\Handlers\FileHandler' driver.
INFO - 2024-04-15 10:22:43 --> Session: Class initialized using 'CodeIgniter\Session\Handlers\FileHandler' driver.
INFO - 2024-04-15 10:22:43 --> Session: Class initialized using 'CodeIgniter\Session\Handlers\FileHandler' driver.
INFO - 2024-04-15 21:10:43 --> Session: Class initialized using 'CodeIgniter\Session\Handlers\FileHandler' driver.
INFO - 2024-04-15 21:10:52 --> Session: Class initialized using 'CodeIgniter\Session\Handlers\FileHandler' driver.
INFO - 2024-04-15 21:10:52 --> Session: Class initialized using 'CodeIgniter\Session\Handlers\FileHandler' driver.
INFO - 2024-04-15 21:10:59 --> Session: Class initialized using 'CodeIgniter\Session\Handlers\FileHandler' driver.
INFO - 2024-04-15 21:11:04 --> Session: Class initialized using 'CodeIgniter\Session\Handlers\FileHandler' driver.
CRITICAL - 2024-04-15 21:11:04 --> Undefined array key "id_tendik"
in APPPATH\Views\staf\v_tendik.php on line 43.
 1 APPPATH\Views\staf\v_tendik.php(43): CodeIgniter\Debug\Exceptions->errorHandler(2, 'Undefined array key "id_tendik"', 'C:\\xampp\\htdocs\\graduate-ci4\\app\\Views\\staf\\v_tendik.php', 43)
 2 SYSTEMPATH\View\View.php(213): include('C:\\xampp\\htdocs\\graduate-ci4\\app\\Views\\staf\\v_tendik.php')
 3 SYSTEMPATH\View\View.php(216): CodeIgniter\View\View->CodeIgniter\View\{closure}()
 4 SYSTEMPATH\Common.php(1184): CodeIgniter\View\View->render('staf/v_tendik', [], true)
 5 APPPATH\Views\v_template_staf.php(247): view('staf/v_tendik')
 6 SYSTEMPATH\View\View.php(213): include('C:\\xampp\\htdocs\\graduate-ci4\\app\\Views\\v_template_staf.php')
 7 SYSTEMPATH\View\View.php(216): CodeIgniter\View\View->CodeIgniter\View\{closure}()
 8 SYSTEMPATH\Common.php(1184): CodeIgniter\View\View->render('v_template_staf', [], true)
 9 APPPATH\Controllers\Tendik.php(24): view('v_template_staf', [...])
10 SYSTEMPATH\CodeIgniter.php(934): App\Controllers\Tendik->index()
11 SYSTEMPATH\CodeIgniter.php(499): CodeIgniter\CodeIgniter->runController(Object(App\Controllers\Tendik))
12 SYSTEMPATH\CodeIgniter.php(368): CodeIgniter\CodeIgniter->handleRequest(null, Object(Config\Cache), false)
13 FCPATH\index.php(67): CodeIgniter\CodeIgniter->run()
INFO - 2024-04-15 21:11:07 --> Session: Class initialized using 'CodeIgniter\Session\Handlers\FileHandler' driver.
INFO - 2024-04-15 21:11:11 --> Session: Class initialized using 'CodeIgniter\Session\Handlers\FileHandler' driver.
INFO - 2024-04-15 21:11:14 --> Session: Class initialized using 'CodeIgniter\Session\Handlers\FileHandler' driver.
INFO - 2024-04-15 23:03:26 --> Session: Class initialized using 'CodeIgniter\Session\Handlers\FileHandler' driver.
INFO - 2024-04-15 23:03:26 --> Session: Class initialized using 'CodeIgniter\Session\Handlers\FileHandler' driver.
